<?xml version="1.0" encoding="UTF-8"?>
<testsuite xmlns:xsi="http://www.w3.org/2001/XMLSchema-instance" xsi:noNamespaceSchemaLocation="https://maven.apache.org/surefire/maven-surefire-plugin/xsd/surefire-test-report-3.0.xsd" version="3.0" name="com.example.test.ReadPropertiesTest" time="0.032" tests="7" errors="0" skipped="0" failures="0">
  <properties>
[...]
</properties>
  <testcase name="testValidPassword" classname="com.example.test.ReadPropertiesTest" time="0.004">
    <system-out><![CDATA[Checking password: 123X4X5X6
 -> Password is valid!
]]></system-out>
  </testcase>
  <testcase name="testUsernameWhitespace" classname="com.example.test.ReadPropertiesTest" time="0.003">
    <system-out><![CDATA[Checking username: RoseTheFlower
]]></system-out>
  </testcase>
  <testcase name="testInvalidPassword" classname="com.example.test.ReadPropertiesTest" time="0.004">
    <system-out><![CDATA[Checking password: 123X4X5X6
]]></system-out>
  </testcase>
  <testcase name="ReadPropertyFromFile" classname="com.example.test.ReadPropertiesTest" time="0.002"/>
  <testcase name="testValidUsername" classname="com.example.test.ReadPropertiesTest" time="0.003">
    <system-out><![CDATA[Checking username: RoseTheFlower
 -> Username is valid!
]]></system-out>
  </testcase>
  <testcase name="testEmptyUsername4" classname="com.example.test.ReadPropertiesTest" time="0.002">
    <system-out><![CDATA[Checking username: 
]]></system-out>
  </testcase>
  <testcase name="testWhitespacePassword" classname="com.example.test.ReadPropertiesTest" time="0.003">
    <system-out><![CDATA[Checking password: 123X4X5X6
]]></system-out>
  </testcase>
</testsuite>